<?xml version="1.0" encoding="UTF-8"?>
<testsuites>
  <testsuite name="CodeIgniter Application Test Suite" tests="3" assertions="2" errors="1" failures="0" skipped="0" time="0.056003">
    <testsuite name="Welcome_test" file="C:\wamp64\www\silicon\application\tests\controllers\Welcome_test.php" tests="3" assertions="2" errors="1" failures="0" skipped="0" time="0.056003">
      <testcase name="test_index" class="Welcome_test" classname="Welcome_test" file="C:\wamp64\www\silicon\application\tests\controllers\Welcome_test.php" line="13" assertions="0" time="0.038002">
        <error type="PHPUnit\Framework\Exception">Welcome_test::test_index
PHPUnit\Framework\Exception: Argument #2 (No Value) of PHPUnit\Framework\Assert::assertContains() must be a array, traversable or string

C:\wamp64\www\silicon\application\tests\controllers\Welcome_test.php:16
</error>
      </testcase>
      <testcase name="test_method_404" class="Welcome_test" classname="Welcome_test" file="C:\wamp64\www\silicon\application\tests\controllers\Welcome_test.php" line="19" assertions="1" time="0.017001"/>
      <testcase name="test_APPPATH" class="Welcome_test" classname="Welcome_test" file="C:\wamp64\www\silicon\application\tests\controllers\Welcome_test.php" line="25" assertions="1" time="0.001000"/>
    </testsuite>
  </testsuite>
</testsuites>
